<?xml version="1.0" encoding="UTF-8"?>
<testng-results ignored="0" total="1" passed="1" failed="0" skipped="0">
  <reporter-output>
    <line>
      <![CDATA[Browser lauched successfully]]>
    </line>
    <line>
      <![CDATA[screenshot taken for TC 12]]>
    </line>
    <line>
      <![CDATA[validate userID ]]>
    </line>
  </reporter-output>
  <suite started-at="2022-04-01T22:51:41 IST" name="Default suite" finished-at="2022-04-01T22:52:15 IST" duration-ms="33452">
    <groups>
    </groups>
    <test started-at="2022-04-01T22:51:41 IST" name="Default test" finished-at="2022-04-01T22:52:15 IST" duration-ms="33452">
      <class name="KiteTestClass.TestClass">
        <test-method is-config="true" signature="LaunchBrowser1()[pri:0, instance:KiteTestClass.TestClass@3cebbb30]" started-at="2022-04-01T22:51:41 IST" name="LaunchBrowser1" finished-at="2022-04-01T22:51:59 IST" duration-ms="17539" status="PASS">
          <reporter-output>
            <line>
              <![CDATA[Browser lauched successfully]]>
            </line>
          </reporter-output>
        </test-method> <!-- LaunchBrowser1 -->
        <test-method is-config="true" signature="LoginKiteApp()[pri:0, instance:KiteTestClass.TestClass@3cebbb30]" started-at="2022-04-01T22:51:59 IST" name="LoginKiteApp" finished-at="2022-04-01T22:52:00 IST" duration-ms="1491" status="PASS">
          <reporter-output>
          </reporter-output>
        </test-method> <!-- LoginKiteApp -->
        <test-method signature="ValidateKiteID()[pri:0, instance:KiteTestClass.TestClass@3cebbb30]" started-at="2022-04-01T22:52:00 IST" name="ValidateKiteID" finished-at="2022-04-01T22:52:08 IST" duration-ms="7387" status="PASS">
          <reporter-output>
            <line>
              <![CDATA[screenshot taken for TC 12]]>
            </line>
            <line>
              <![CDATA[validate userID ]]>
            </line>
          </reporter-output>
        </test-method> <!-- ValidateKiteID -->
        <test-method is-config="true" signature="logoutKite()[pri:0, instance:KiteTestClass.TestClass@3cebbb30]" started-at="2022-04-01T22:52:08 IST" name="logoutKite" finished-at="2022-04-01T22:52:15 IST" duration-ms="6735" status="PASS">
          <reporter-output>
          </reporter-output>
        </test-method> <!-- logoutKite -->
        <test-method is-config="true" signature="closeBrowser1()[pri:0, instance:KiteTestClass.TestClass@3cebbb30]" started-at="2022-04-01T22:52:15 IST" name="closeBrowser1" finished-at="2022-04-01T22:52:15 IST" duration-ms="259" status="PASS">
          <reporter-output>
          </reporter-output>
        </test-method> <!-- closeBrowser1 -->
      </class> <!-- KiteTestClass.TestClass -->
    </test> <!-- Default test -->
  </suite> <!-- Default suite -->
</testng-results>
